[0323/184606.903:ERROR:registration_protocol_win.cc(130)] TransactNamedPipe: O encaminhamento (pipe) foi terminado. (0x6D)
[0323/184606.905:ERROR:file_io_win.cc(180)] CreateFile C:\Program Files (x86)\settings.dat: Acesso negado. (0x5)
[0323/185324.226:ERROR:registration_protocol_win.cc(130)] TransactNamedPipe: O encaminhamento (pipe) foi terminado. (0x6D)
[0323/185324.228:ERROR:file_io_win.cc(180)] CreateFile C:\Program Files (x86)\settings.dat: Acesso negado. (0x5)
[0324/123704.793:ERROR:registration_protocol_win.cc(130)] TransactNamedPipe: O encaminhamento (pipe) foi terminado. (0x6D)
[0324/123704.796:ERROR:file_io_win.cc(180)] CreateFile C:\Program Files (x86)\settings.dat: Acesso negado. (0x5)
[0324/144239.672:ERROR:registration_protocol_win.cc(130)] TransactNamedPipe: O encaminhamento (pipe) foi terminado. (0x6D)
[0324/144239.681:ERROR:file_io_win.cc(180)] CreateFile C:\Program Files (x86)\settings.dat: Acesso negado. (0x5)
[0324/151413.101:ERROR:registration_protocol_win.cc(130)] TransactNamedPipe: O encaminhamento (pipe) foi terminado. (0x6D)
[0324/151413.103:ERROR:file_io_win.cc(180)] CreateFile C:\Program Files (x86)\settings.dat: Acesso negado. (0x5)
[0324/152520.427:ERROR:registration_protocol_win.cc(130)] TransactNamedPipe: O encaminhamento (pipe) foi terminado. (0x6D)
[0324/152520.429:ERROR:file_io_win.cc(180)] CreateFile C:\Program Files (x86)\settings.dat: Acesso negado. (0x5)
[0324/154156.852:ERROR:registration_protocol_win.cc(130)] TransactNamedPipe: O encaminhamento (pipe) foi terminado. (0x6D)
[0324/154156.854:ERROR:file_io_win.cc(180)] CreateFile C:\Program Files (x86)\settings.dat: Acesso negado. (0x5)
<<<<<<< HEAD
[0324/212632.917:ERROR:registration_protocol_win.cc(130)] TransactNamedPipe: O encaminhamento (pipe) foi terminado. (0x6D)
[0324/212632.966:ERROR:file_io_win.cc(180)] CreateFile C:\Program Files (x86)\settings.dat: Acesso negado. (0x5)
[0324/213547.045:ERROR:registration_protocol_win.cc(130)] TransactNamedPipe: O encaminhamento (pipe) foi terminado. (0x6D)
[0324/213547.046:ERROR:file_io_win.cc(180)] CreateFile C:\Program Files (x86)\settings.dat: Acesso negado. (0x5)
[0324/214608.589:ERROR:registration_protocol_win.cc(130)] TransactNamedPipe: O encaminhamento (pipe) foi terminado. (0x6D)
[0324/214608.592:ERROR:file_io_win.cc(180)] CreateFile C:\Program Files (x86)\settings.dat: Acesso negado. (0x5)
[0325/123930.229:ERROR:registration_protocol_win.cc(130)] TransactNamedPipe: O encaminhamento (pipe) foi terminado. (0x6D)
[0325/123930.235:ERROR:file_io_win.cc(180)] CreateFile C:\Program Files (x86)\settings.dat: Acesso negado. (0x5)
[0325/130504.370:ERROR:registration_protocol_win.cc(130)] TransactNamedPipe: O encaminhamento (pipe) foi terminado. (0x6D)
[0325/130504.373:ERROR:file_io_win.cc(180)] CreateFile C:\Program Files (x86)\settings.dat: Acesso negado. (0x5)
[0326/163434.083:ERROR:registration_protocol_win.cc(130)] TransactNamedPipe: O encaminhamento (pipe) foi terminado. (0x6D)
[0326/163434.086:ERROR:file_io_win.cc(180)] CreateFile C:\Program Files (x86)\settings.dat: Acesso negado. (0x5)
[0326/163523.988:ERROR:registration_protocol_win.cc(130)] TransactNamedPipe: O encaminhamento (pipe) foi terminado. (0x6D)
[0326/163523.991:ERROR:file_io_win.cc(180)] CreateFile C:\Program Files (x86)\settings.dat: Acesso negado. (0x5)
[0326/163747.351:ERROR:registration_protocol_win.cc(130)] TransactNamedPipe: O encaminhamento (pipe) foi terminado. (0x6D)
[0326/163747.354:ERROR:file_io_win.cc(180)] CreateFile C:\Program Files (x86)\settings.dat: Acesso negado. (0x5)
[0326/171409.839:ERROR:registration_protocol_win.cc(130)] TransactNamedPipe: O encaminhamento (pipe) foi terminado. (0x6D)
[0326/171409.842:ERROR:file_io_win.cc(180)] CreateFile C:\Program Files (x86)\settings.dat: Acesso negado. (0x5)
[0326/190604.517:ERROR:registration_protocol_win.cc(130)] TransactNamedPipe: O encaminhamento (pipe) foi terminado. (0x6D)
[0326/190604.519:ERROR:file_io_win.cc(180)] CreateFile C:\Program Files (x86)\settings.dat: Acesso negado. (0x5)
=======
>>>>>>> 7e74b6b5ac63eaa83313ae412decc6f5fc68f177
[0326/193521.448:ERROR:registration_protocol_win.cc(130)] TransactNamedPipe: O encaminhamento (pipe) foi terminado. (0x6D)
[0326/193521.450:ERROR:file_io_win.cc(180)] CreateFile C:\Program Files (x86)\settings.dat: Acesso negado. (0x5)
[0326/193616.583:ERROR:registration_protocol_win.cc(130)] TransactNamedPipe: O encaminhamento (pipe) foi terminado. (0x6D)
[0326/193616.585:ERROR:file_io_win.cc(180)] CreateFile C:\Program Files (x86)\settings.dat: Acesso negado. (0x5)
[0326/193943.204:ERROR:registration_protocol_win.cc(130)] TransactNamedPipe: O encaminhamento (pipe) foi terminado. (0x6D)
[0326/193943.206:ERROR:file_io_win.cc(180)] CreateFile C:\Program Files (x86)\settings.dat: Acesso negado. (0x5)
[0326/194348.346:ERROR:registration_protocol_win.cc(130)] TransactNamedPipe: O encaminhamento (pipe) foi terminado. (0x6D)
[0326/194348.348:ERROR:file_io_win.cc(180)] CreateFile C:\Program Files (x86)\settings.dat: Acesso negado. (0x5)
[0327/231150.059:ERROR:registration_protocol_win.cc(130)] TransactNamedPipe: O encaminhamento (pipe) foi terminado. (0x6D)
[0327/231150.062:ERROR:file_io_win.cc(180)] CreateFile C:\Program Files (x86)\settings.dat: Acesso negado. (0x5)
[0328/004948.544:ERROR:registration_protocol_win.cc(130)] TransactNamedPipe: O encaminhamento (pipe) foi terminado. (0x6D)
[0328/004948.546:ERROR:file_io_win.cc(180)] CreateFile C:\Program Files (x86)\settings.dat: Acesso negado. (0x5)
